{"/root/CoTalkFrontend/tailwind.config.ts": {"path":"/root/CoTalkFrontend/tailwind.config.ts","statementMap":{"0":{"start":{"line":20,"column":0},"end":{"line":20,"column":15}},"1":{"start":{"line":3,"column":23},"end":{"line":19,"column":null}},"2":{"start":{"line":20,"column":15},"end":{"line":20,"column":null}}},"fnMap":{},"branchMap":{},"s":{"0":0,"1":0,"2":0},"f":{},"b":{}}
,"/root/CoTalkFrontend/.next/types/app/layout.ts": {"path":"/root/CoTalkFrontend/.next/types/app/layout.ts","statementMap":{"0":{"start":{"line":2,"column":23},"end":{"line":2,"column":null}},"1":{"start":{"line":8,"column":0},"end":{"line":8,"column":null}},"2":{"start":{"line":28,"column":0},"end":{"line":28,"column":null}},"3":{"start":{"line":31,"column":0},"end":{"line":34,"column":null}},"4":{"start":{"line":32,"column":2},"end":{"line":32,"column":null}},"5":{"start":{"line":33,"column":2},"end":{"line":33,"column":null}},"6":{"start":{"line":37,"column":0},"end":{"line":40,"column":null}},"7":{"start":{"line":38,"column":2},"end":{"line":38,"column":null}},"8":{"start":{"line":39,"column":2},"end":{"line":39,"column":null}},"9":{"start":{"line":43,"column":0},"end":{"line":46,"column":null}},"10":{"start":{"line":44,"column":2},"end":{"line":44,"column":null}},"11":{"start":{"line":45,"column":2},"end":{"line":45,"column":null}}},"fnMap":{"0":{"name":"checkFields","decl":{"start":{"line":73,"column":9},"end":{"line":73,"column":63}},"loc":{"start":{"line":73,"column":9},"end":{"line":73,"column":null}}}},"branchMap":{"0":{"loc":{"start":{"line":31,"column":0},"end":{"line":34,"column":null}},"type":"if","locations":[{"start":{"line":31,"column":0},"end":{"line":34,"column":null}}]},"1":{"loc":{"start":{"line":37,"column":0},"end":{"line":40,"column":null}},"type":"if","locations":[{"start":{"line":37,"column":0},"end":{"line":40,"column":null}}]},"2":{"loc":{"start":{"line":43,"column":0},"end":{"line":46,"column":null}},"type":"if","locations":[{"start":{"line":43,"column":0},"end":{"line":46,"column":null}}]}},"s":{"0":0,"1":0,"2":0,"3":0,"4":0,"5":0,"6":0,"7":0,"8":0,"9":0,"10":0,"11":0},"f":{"0":0},"b":{"0":[0],"1":[0],"2":[0]}}
,"/root/CoTalkFrontend/.next/types/app/page.ts": {"path":"/root/CoTalkFrontend/.next/types/app/page.ts","statementMap":{"0":{"start":{"line":2,"column":23},"end":{"line":2,"column":null}},"1":{"start":{"line":8,"column":0},"end":{"line":8,"column":null}},"2":{"start":{"line":28,"column":0},"end":{"line":28,"column":null}},"3":{"start":{"line":31,"column":0},"end":{"line":34,"column":null}},"4":{"start":{"line":32,"column":2},"end":{"line":32,"column":null}},"5":{"start":{"line":33,"column":2},"end":{"line":33,"column":null}},"6":{"start":{"line":37,"column":0},"end":{"line":40,"column":null}},"7":{"start":{"line":38,"column":2},"end":{"line":38,"column":null}},"8":{"start":{"line":39,"column":2},"end":{"line":39,"column":null}},"9":{"start":{"line":43,"column":0},"end":{"line":46,"column":null}},"10":{"start":{"line":44,"column":2},"end":{"line":44,"column":null}},"11":{"start":{"line":45,"column":2},"end":{"line":45,"column":null}}},"fnMap":{"0":{"name":"checkFields","decl":{"start":{"line":73,"column":9},"end":{"line":73,"column":63}},"loc":{"start":{"line":73,"column":9},"end":{"line":73,"column":null}}}},"branchMap":{"0":{"loc":{"start":{"line":31,"column":0},"end":{"line":34,"column":null}},"type":"if","locations":[{"start":{"line":31,"column":0},"end":{"line":34,"column":null}}]},"1":{"loc":{"start":{"line":37,"column":0},"end":{"line":40,"column":null}},"type":"if","locations":[{"start":{"line":37,"column":0},"end":{"line":40,"column":null}}]},"2":{"loc":{"start":{"line":43,"column":0},"end":{"line":46,"column":null}},"type":"if","locations":[{"start":{"line":43,"column":0},"end":{"line":46,"column":null}}]}},"s":{"0":0,"1":0,"2":0,"3":0,"4":0,"5":0,"6":0,"7":0,"8":0,"9":0,"10":0,"11":0},"f":{"0":0},"b":{"0":[0],"1":[0],"2":[0]}}
,"/root/CoTalkFrontend/.next/types/app/user/layout.ts": {"path":"/root/CoTalkFrontend/.next/types/app/user/layout.ts","statementMap":{"0":{"start":{"line":2,"column":23},"end":{"line":2,"column":null}},"1":{"start":{"line":8,"column":0},"end":{"line":8,"column":null}},"2":{"start":{"line":28,"column":0},"end":{"line":28,"column":null}},"3":{"start":{"line":31,"column":0},"end":{"line":34,"column":null}},"4":{"start":{"line":32,"column":2},"end":{"line":32,"column":null}},"5":{"start":{"line":33,"column":2},"end":{"line":33,"column":null}},"6":{"start":{"line":37,"column":0},"end":{"line":40,"column":null}},"7":{"start":{"line":38,"column":2},"end":{"line":38,"column":null}},"8":{"start":{"line":39,"column":2},"end":{"line":39,"column":null}},"9":{"start":{"line":43,"column":0},"end":{"line":46,"column":null}},"10":{"start":{"line":44,"column":2},"end":{"line":44,"column":null}},"11":{"start":{"line":45,"column":2},"end":{"line":45,"column":null}}},"fnMap":{"0":{"name":"checkFields","decl":{"start":{"line":73,"column":9},"end":{"line":73,"column":63}},"loc":{"start":{"line":73,"column":9},"end":{"line":73,"column":null}}}},"branchMap":{"0":{"loc":{"start":{"line":31,"column":0},"end":{"line":34,"column":null}},"type":"if","locations":[{"start":{"line":31,"column":0},"end":{"line":34,"column":null}}]},"1":{"loc":{"start":{"line":37,"column":0},"end":{"line":40,"column":null}},"type":"if","locations":[{"start":{"line":37,"column":0},"end":{"line":40,"column":null}}]},"2":{"loc":{"start":{"line":43,"column":0},"end":{"line":46,"column":null}},"type":"if","locations":[{"start":{"line":43,"column":0},"end":{"line":46,"column":null}}]}},"s":{"0":0,"1":0,"2":0,"3":0,"4":0,"5":0,"6":0,"7":0,"8":0,"9":0,"10":0,"11":0},"f":{"0":0},"b":{"0":[0],"1":[0],"2":[0]}}
,"/root/CoTalkFrontend/.next/types/app/user/login/page.ts": {"path":"/root/CoTalkFrontend/.next/types/app/user/login/page.ts","statementMap":{"0":{"start":{"line":2,"column":23},"end":{"line":2,"column":null}},"1":{"start":{"line":8,"column":0},"end":{"line":8,"column":null}},"2":{"start":{"line":28,"column":0},"end":{"line":28,"column":null}},"3":{"start":{"line":31,"column":0},"end":{"line":34,"column":null}},"4":{"start":{"line":32,"column":2},"end":{"line":32,"column":null}},"5":{"start":{"line":33,"column":2},"end":{"line":33,"column":null}},"6":{"start":{"line":37,"column":0},"end":{"line":40,"column":null}},"7":{"start":{"line":38,"column":2},"end":{"line":38,"column":null}},"8":{"start":{"line":39,"column":2},"end":{"line":39,"column":null}},"9":{"start":{"line":43,"column":0},"end":{"line":46,"column":null}},"10":{"start":{"line":44,"column":2},"end":{"line":44,"column":null}},"11":{"start":{"line":45,"column":2},"end":{"line":45,"column":null}}},"fnMap":{"0":{"name":"checkFields","decl":{"start":{"line":73,"column":9},"end":{"line":73,"column":63}},"loc":{"start":{"line":73,"column":9},"end":{"line":73,"column":null}}}},"branchMap":{"0":{"loc":{"start":{"line":31,"column":0},"end":{"line":34,"column":null}},"type":"if","locations":[{"start":{"line":31,"column":0},"end":{"line":34,"column":null}}]},"1":{"loc":{"start":{"line":37,"column":0},"end":{"line":40,"column":null}},"type":"if","locations":[{"start":{"line":37,"column":0},"end":{"line":40,"column":null}}]},"2":{"loc":{"start":{"line":43,"column":0},"end":{"line":46,"column":null}},"type":"if","locations":[{"start":{"line":43,"column":0},"end":{"line":46,"column":null}}]}},"s":{"0":0,"1":0,"2":0,"3":0,"4":0,"5":0,"6":0,"7":0,"8":0,"9":0,"10":0,"11":0},"f":{"0":0},"b":{"0":[0],"1":[0],"2":[0]}}
,"/root/CoTalkFrontend/app/layout.tsx": {"path":"/root/CoTalkFrontend/app/layout.tsx","statementMap":{"0":{"start":{"line":2,"column":24},"end":{"line":2,"column":35}},"1":{"start":{"line":1,"column":18},"end":{"line":1,"column":null}}},"fnMap":{"0":{"name":"RootLayout","decl":{"start":{"line":2,"column":24},"end":{"line":2,"column":35}},"loc":{"start":{"line":6,"column":1},"end":{"line":15,"column":null}}}},"branchMap":{},"s":{"0":0,"1":0},"f":{"0":0},"b":{}}
,"/root/CoTalkFrontend/app/page.tsx": {"path":"/root/CoTalkFrontend/app/page.tsx","statementMap":{"0":{"start":{"line":5,"column":24},"end":{"line":5,"column":null}},"1":{"start":{"line":2,"column":18},"end":{"line":2,"column":null}},"2":{"start":{"line":3,"column":7},"end":{"line":3,"column":null}}},"fnMap":{"0":{"name":"Page","decl":{"start":{"line":5,"column":24},"end":{"line":5,"column":null}},"loc":{"start":{"line":5,"column":24},"end":{"line":20,"column":null}}}},"branchMap":{},"s":{"0":0,"1":0,"2":0},"f":{"0":0},"b":{}}
,"/root/CoTalkFrontend/app/constants/string.ts": {"path":"/root/CoTalkFrontend/app/constants/string.ts","statementMap":{"0":{"start":{"line":6,"column":13},"end":{"line":6,"column":24}},"1":{"start":{"line":9,"column":13},"end":{"line":9,"column":27}},"2":{"start":{"line":12,"column":13},"end":{"line":12,"column":25}},"3":{"start":{"line":10,"column":13},"end":{"line":10,"column":27}},"4":{"start":{"line":11,"column":13},"end":{"line":11,"column":33}},"5":{"start":{"line":6,"column":27},"end":{"line":6,"column":null}},"6":{"start":{"line":9,"column":30},"end":{"line":9,"column":null}},"7":{"start":{"line":10,"column":30},"end":{"line":10,"column":null}},"8":{"start":{"line":11,"column":36},"end":{"line":11,"column":null}},"9":{"start":{"line":12,"column":28},"end":{"line":12,"column":null}}},"fnMap":{},"branchMap":{},"s":{"0":0,"1":0,"2":0,"3":0,"4":0,"5":0,"6":0,"7":0,"8":0,"9":0},"f":{},"b":{}}
,"/root/CoTalkFrontend/app/redux/auth.ts": {"path":"/root/CoTalkFrontend/app/redux/auth.ts","statementMap":{"0":{"start":{"line":15,"column":13},"end":{"line":15,"column":22}},"1":{"start":{"line":37,"column":0},"end":{"line":37,"column":15}},"2":{"start":{"line":36,"column":40},"end":{"line":36,"column":49}},"3":{"start":{"line":36,"column":34},"end":{"line":36,"column":39}},"4":{"start":{"line":36,"column":25},"end":{"line":36,"column":32}},"5":{"start":{"line":36,"column":15},"end":{"line":36,"column":23}},"6":{"start":{"line":1,"column":43},"end":{"line":1,"column":null}},"7":{"start":{"line":9,"column":32},"end":{"line":13,"column":null}},"8":{"start":{"line":15,"column":25},"end":{"line":34,"column":null}},"9":{"start":{"line":20,"column":12},"end":{"line":20,"column":null}},"10":{"start":{"line":23,"column":12},"end":{"line":23,"column":null}},"11":{"start":{"line":26,"column":12},"end":{"line":26,"column":null}},"12":{"start":{"line":29,"column":12},"end":{"line":29,"column":null}},"13":{"start":{"line":30,"column":12},"end":{"line":30,"column":null}},"14":{"start":{"line":31,"column":12},"end":{"line":31,"column":null}},"15":{"start":{"line":36,"column":54},"end":{"line":36,"column":71}},"16":{"start":{"line":37,"column":15},"end":{"line":37,"column":32}}},"fnMap":{"0":{"name":"(anonymous_7)","decl":{"start":{"line":19,"column":18},"end":{"line":19,"column":19}},"loc":{"start":{"line":19,"column":26},"end":{"line":21,"column":null}}},"1":{"name":"(anonymous_8)","decl":{"start":{"line":22,"column":17},"end":{"line":22,"column":18}},"loc":{"start":{"line":22,"column":25},"end":{"line":24,"column":null}}},"2":{"name":"(anonymous_9)","decl":{"start":{"line":25,"column":15},"end":{"line":25,"column":16}},"loc":{"start":{"line":25,"column":23},"end":{"line":27,"column":null}}},"3":{"name":"(anonymous_10)","decl":{"start":{"line":28,"column":19},"end":{"line":28,"column":20}},"loc":{"start":{"line":28,"column":20},"end":{"line":32,"column":null}}}},"branchMap":{},"s":{"0":0,"1":0,"2":0,"3":0,"4":0,"5":0,"6":0,"7":0,"8":0,"9":0,"10":0,"11":0,"12":0,"13":0,"14":0,"15":0,"16":0},"f":{"0":0,"1":0,"2":0,"3":0},"b":{}}
,"/root/CoTalkFrontend/app/redux/store.ts": {"path":"/root/CoTalkFrontend/app/redux/store.ts","statementMap":{"0":{"start":{"line":23,"column":16},"end":{"line":23,"column":25}},"1":{"start":{"line":23,"column":9},"end":{"line":23,"column":14}},"2":{"start":{"line":1,"column":31},"end":{"line":1,"column":null}},"3":{"start":{"line":2,"column":45},"end":{"line":2,"column":null}},"4":{"start":{"line":3,"column":20},"end":{"line":3,"column":null}},"5":{"start":{"line":4,"column":24},"end":{"line":4,"column":null}},"6":{"start":{"line":6,"column":22},"end":{"line":9,"column":null}},"7":{"start":{"line":11,"column":25},"end":{"line":11,"column":null}},"8":{"start":{"line":13,"column":14},"end":{"line":17,"column":null}},"9":{"start":{"line":19,"column":18},"end":{"line":19,"column":null}}},"fnMap":{},"branchMap":{},"s":{"0":0,"1":0,"2":0,"3":0,"4":0,"5":0,"6":0,"7":0,"8":0,"9":0},"f":{},"b":{}}
,"/root/CoTalkFrontend/app/user/layout.tsx": {"path":"/root/CoTalkFrontend/app/user/layout.tsx","statementMap":{"0":{"start":{"line":5,"column":24},"end":{"line":5,"column":36}},"1":{"start":{"line":1,"column":18},"end":{"line":1,"column":null}},"2":{"start":{"line":2,"column":17},"end":{"line":2,"column":null}},"3":{"start":{"line":3,"column":19},"end":{"line":3,"column":null}}},"fnMap":{"0":{"name":"LoginLayout","decl":{"start":{"line":5,"column":24},"end":{"line":5,"column":36}},"loc":{"start":{"line":9,"column":3},"end":{"line":26,"column":null}}}},"branchMap":{},"s":{"0":0,"1":0,"2":0,"3":0},"f":{"0":0},"b":{}}
,"/root/CoTalkFrontend/app/user/page.tsx": {"path":"/root/CoTalkFrontend/app/user/page.tsx","statementMap":{"0":{"start":{"line":6,"column":24},"end":{"line":6,"column":null}},"1":{"start":{"line":1,"column":17},"end":{"line":1,"column":null}},"2":{"start":{"line":2,"column":18},"end":{"line":2,"column":null}},"3":{"start":{"line":3,"column":23},"end":{"line":3,"column":null}},"4":{"start":{"line":4,"column":7},"end":{"line":4,"column":null}}},"fnMap":{"0":{"name":"Page","decl":{"start":{"line":6,"column":24},"end":{"line":6,"column":null}},"loc":{"start":{"line":6,"column":24},"end":{"line":20,"column":null}}}},"branchMap":{},"s":{"0":0,"1":0,"2":0,"3":0,"4":0},"f":{"0":0},"b":{}}
,"/root/CoTalkFrontend/app/user/login/page.tsx": {"path":"/root/CoTalkFrontend/app/user/login/page.tsx","statementMap":{"0":{"start":{"line":70,"column":0},"end":{"line":70,"column":15}},"1":{"start":{"line":2,"column":25},"end":{"line":2,"column":null}},"2":{"start":{"line":3,"column":80},"end":{"line":3,"column":null}},"3":{"start":{"line":4,"column":26},"end":{"line":4,"column":null}},"4":{"start":{"line":5,"column":40},"end":{"line":5,"column":null}},"5":{"start":{"line":6,"column":20},"end":{"line":6,"column":null}},"6":{"start":{"line":7,"column":7},"end":{"line":7,"column":null}},"7":{"start":{"line":8,"column":17},"end":{"line":8,"column":null}},"8":{"start":{"line":9,"column":22},"end":{"line":9,"column":null}},"9":{"start":{"line":11,"column":20},"end":{"line":68,"column":null}},"10":{"start":{"line":12,"column":37},"end":{"line":12,"column":null}},"11":{"start":{"line":13,"column":36},"end":{"line":13,"column":null}},"12":{"start":{"line":15,"column":19},"end":{"line":15,"column":null}},"13":{"start":{"line":16,"column":21},"end":{"line":16,"column":35}},"14":{"start":{"line":18,"column":18},"end":{"line":32,"column":null}},"15":{"start":{"line":19,"column":8},"end":{"line":31,"column":null}},"16":{"start":{"line":21,"column":12},"end":{"line":30,"column":null}},"17":{"start":{"line":22,"column":16},"end":{"line":22,"column":null}},"18":{"start":{"line":23,"column":16},"end":{"line":23,"column":null}},"19":{"start":{"line":24,"column":16},"end":{"line":24,"column":null}},"20":{"start":{"line":25,"column":16},"end":{"line":25,"column":null}},"21":{"start":{"line":26,"column":16},"end":{"line":26,"column":null}},"22":{"start":{"line":29,"column":16},"end":{"line":29,"column":null}},"23":{"start":{"line":43,"column":33},"end":{"line":43,"column":null}},"24":{"start":{"line":52,"column":33},"end":{"line":52,"column":null}},"25":{"start":{"line":70,"column":15},"end":{"line":70,"column":null}}},"fnMap":{"0":{"name":"(anonymous_2)","decl":{"start":{"line":11,"column":20},"end":{"line":11,"column":null}},"loc":{"start":{"line":11,"column":20},"end":{"line":68,"column":null}}},"1":{"name":"(anonymous_3)","decl":{"start":{"line":18,"column":18},"end":{"line":18,"column":null}},"loc":{"start":{"line":18,"column":18},"end":{"line":32,"column":null}}},"2":{"name":"(anonymous_4)","decl":{"start":{"line":20,"column":14},"end":{"line":20,"column":15}},"loc":{"start":{"line":20,"column":15},"end":{"line":31,"column":null}}},"3":{"name":"(anonymous_5)","decl":{"start":{"line":43,"column":26},"end":{"line":43,"column":27}},"loc":{"start":{"line":43,"column":33},"end":{"line":43,"column":null}}},"4":{"name":"(anonymous_6)","decl":{"start":{"line":52,"column":26},"end":{"line":52,"column":27}},"loc":{"start":{"line":52,"column":33},"end":{"line":52,"column":null}}}},"branchMap":{"0":{"loc":{"start":{"line":21,"column":12},"end":{"line":30,"column":null}},"type":"if","locations":[{"start":{"line":21,"column":12},"end":{"line":30,"column":null}},{"start":{"line":28,"column":17},"end":{"line":30,"column":null}}]},"1":{"loc":{"start":{"line":59,"column":26},"end":{"line":59,"column":63}},"type":"binary-expr","locations":[{"start":{"line":59,"column":26},"end":{"line":59,"column":46}},{"start":{"line":59,"column":46},"end":{"line":59,"column":63}}]}},"s":{"0":0,"1":0,"2":0,"3":0,"4":0,"5":0,"6":0,"7":0,"8":0,"9":0,"10":0,"11":0,"12":0,"13":0,"14":0,"15":0,"16":0,"17":0,"18":0,"19":0,"20":0,"21":0,"22":0,"23":0,"24":0,"25":0},"f":{"0":0,"1":0,"2":0,"3":0,"4":0},"b":{"0":[0,0],"1":[0,0]}}
,"/root/CoTalkFrontend/app/user/register/page.tsx": {"path":"/root/CoTalkFrontend/app/user/register/page.tsx","statementMap":{"0":{"start":{"line":76,"column":2},"end":{"line":76,"column":17}},"1":{"start":{"line":2,"column":32},"end":{"line":2,"column":null}},"2":{"start":{"line":3,"column":80},"end":{"line":3,"column":null}},"3":{"start":{"line":4,"column":26},"end":{"line":4,"column":null}},"4":{"start":{"line":5,"column":40},"end":{"line":5,"column":null}},"5":{"start":{"line":6,"column":20},"end":{"line":6,"column":null}},"6":{"start":{"line":7,"column":7},"end":{"line":7,"column":null}},"7":{"start":{"line":8,"column":22},"end":{"line":8,"column":null}},"8":{"start":{"line":10,"column":21},"end":{"line":74,"column":null}},"9":{"start":{"line":11,"column":36},"end":{"line":11,"column":null}},"10":{"start":{"line":12,"column":36},"end":{"line":12,"column":null}},"11":{"start":{"line":13,"column":30},"end":{"line":13,"column":null}},"12":{"start":{"line":14,"column":32},"end":{"line":14,"column":null}},"13":{"start":{"line":15,"column":19},"end":{"line":15,"column":null}},"14":{"start":{"line":16,"column":21},"end":{"line":16,"column":35}},"15":{"start":{"line":18,"column":21},"end":{"line":33,"column":null}},"16":{"start":{"line":19,"column":8},"end":{"line":31,"column":null}},"17":{"start":{"line":21,"column":12},"end":{"line":30,"column":null}},"18":{"start":{"line":22,"column":16},"end":{"line":22,"column":null}},"19":{"start":{"line":23,"column":16},"end":{"line":23,"column":null}},"20":{"start":{"line":24,"column":16},"end":{"line":24,"column":null}},"21":{"start":{"line":25,"column":16},"end":{"line":25,"column":null}},"22":{"start":{"line":26,"column":16},"end":{"line":26,"column":null}},"23":{"start":{"line":29,"column":16},"end":{"line":29,"column":null}},"24":{"start":{"line":44,"column":33},"end":{"line":44,"column":null}},"25":{"start":{"line":53,"column":33},"end":{"line":53,"column":null}},"26":{"start":{"line":62,"column":33},"end":{"line":62,"column":null}},"27":{"start":{"line":76,"column":17},"end":{"line":76,"column":null}}},"fnMap":{"0":{"name":"(anonymous_4)","decl":{"start":{"line":10,"column":21},"end":{"line":10,"column":null}},"loc":{"start":{"line":10,"column":21},"end":{"line":74,"column":null}}},"1":{"name":"(anonymous_5)","decl":{"start":{"line":18,"column":21},"end":{"line":18,"column":null}},"loc":{"start":{"line":18,"column":21},"end":{"line":33,"column":null}}},"2":{"name":"(anonymous_6)","decl":{"start":{"line":20,"column":14},"end":{"line":20,"column":15}},"loc":{"start":{"line":20,"column":15},"end":{"line":31,"column":null}}},"3":{"name":"(anonymous_7)","decl":{"start":{"line":44,"column":26},"end":{"line":44,"column":27}},"loc":{"start":{"line":44,"column":33},"end":{"line":44,"column":null}}},"4":{"name":"(anonymous_8)","decl":{"start":{"line":53,"column":26},"end":{"line":53,"column":27}},"loc":{"start":{"line":53,"column":33},"end":{"line":53,"column":null}}},"5":{"name":"(anonymous_9)","decl":{"start":{"line":62,"column":26},"end":{"line":62,"column":27}},"loc":{"start":{"line":62,"column":33},"end":{"line":62,"column":null}}}},"branchMap":{"0":{"loc":{"start":{"line":21,"column":12},"end":{"line":30,"column":null}},"type":"if","locations":[{"start":{"line":21,"column":12},"end":{"line":30,"column":null}},{"start":{"line":28,"column":17},"end":{"line":30,"column":null}}]},"1":{"loc":{"start":{"line":69,"column":26},"end":{"line":69,"column":62}},"type":"binary-expr","locations":[{"start":{"line":69,"column":26},"end":{"line":69,"column":45}},{"start":{"line":69,"column":45},"end":{"line":69,"column":62}}]}},"s":{"0":0,"1":0,"2":0,"3":0,"4":0,"5":0,"6":0,"7":0,"8":0,"9":0,"10":0,"11":0,"12":0,"13":0,"14":0,"15":0,"16":0,"17":0,"18":0,"19":0,"20":0,"21":0,"22":0,"23":0,"24":0,"25":0,"26":0,"27":0},"f":{"0":0,"1":0,"2":0,"3":0,"4":0,"5":0},"b":{"0":[0,0],"1":[0,0]}}
,"/root/CoTalkFrontend/app/utils/network.ts": {"path":"/root/CoTalkFrontend/app/utils/network.ts","statementMap":{"0":{"start":{"line":15,"column":13},"end":{"line":15,"column":25}},"1":{"start":{"line":33,"column":13},"end":{"line":33,"column":20}},"2":{"start":{"line":6,"column":20},"end":{"line":6,"column":null}},"3":{"start":{"line":8,"column":12},"end":{"line":8,"column":null}},"4":{"start":{"line":23,"column":8},"end":{"line":23,"column":null}},"5":{"start":{"line":25,"column":8},"end":{"line":25,"column":null}},"6":{"start":{"line":26,"column":8},"end":{"line":26,"column":null}},"7":{"start":{"line":29,"column":25},"end":{"line":29,"column":46}},"8":{"start":{"line":30,"column":24},"end":{"line":30,"column":45}},"9":{"start":{"line":33,"column":23},"end":{"line":103,"column":null}},"10":{"start":{"line":39,"column":20},"end":{"line":39,"column":null}},"11":{"start":{"line":40,"column":4},"end":{"line":43,"column":null}},"12":{"start":{"line":41,"column":22},"end":{"line":41,"column":49}},"13":{"start":{"line":42,"column":8},"end":{"line":42,"column":null}},"14":{"start":{"line":45,"column":21},"end":{"line":49,"column":null}},"15":{"start":{"line":51,"column":17},"end":{"line":51,"column":null}},"16":{"start":{"line":52,"column":17},"end":{"line":52,"column":null}},"17":{"start":{"line":53,"column":4},"end":{"line":55,"column":null}},"18":{"start":{"line":54,"column":8},"end":{"line":54,"column":null}},"19":{"start":{"line":57,"column":4},"end":{"line":62,"column":null}},"20":{"start":{"line":58,"column":8},"end":{"line":60,"column":null}}},"fnMap":{"0":{"name":"(anonymous_4)","decl":{"start":{"line":8,"column":12},"end":{"line":8,"column":null}},"loc":{"start":{"line":8,"column":12},"end":{"line":8,"column":null}}},"1":{"name":"(anonymous_5)","decl":{"start":{"line":19,"column":4},"end":{"line":19,"column":null}},"loc":{"start":{"line":22,"column":6},"end":{"line":27,"column":null}}},"2":{"name":"(anonymous_6)","decl":{"start":{"line":29,"column":4},"end":{"line":29,"column":23}},"loc":{"start":{"line":29,"column":23},"end":{"line":29,"column":null}}},"3":{"name":"(anonymous_7)","decl":{"start":{"line":30,"column":4},"end":{"line":30,"column":22}},"loc":{"start":{"line":30,"column":22},"end":{"line":30,"column":null}}},"4":{"name":"(anonymous_8)","decl":{"start":{"line":33,"column":23},"end":{"line":33,"column":null}},"loc":{"start":{"line":37,"column":4},"end":{"line":103,"column":null}}}},"branchMap":{"0":{"loc":{"start":{"line":8,"column":12},"end":{"line":8,"column":null}},"type":"binary-expr","locations":[{"start":{"line":8,"column":12},"end":{"line":8,"column":null}},{"start":{"line":8,"column":12},"end":{"line":8,"column":null}}]},"1":{"loc":{"start":{"line":40,"column":4},"end":{"line":43,"column":null}},"type":"if","locations":[{"start":{"line":40,"column":4},"end":{"line":43,"column":null}}]},"2":{"loc":{"start":{"line":47,"column":14},"end":{"line":47,"column":null}},"type":"binary-expr","locations":[{"start":{"line":47,"column":14},"end":{"line":47,"column":22}},{"start":{"line":47,"column":22},"end":{"line":47,"column":null}}]},"3":{"loc":{"start":{"line":53,"column":4},"end":{"line":55,"column":null}},"type":"if","locations":[{"start":{"line":53,"column":4},"end":{"line":55,"column":null}}]},"4":{"loc":{"start":{"line":53,"column":7},"end":{"line":53,"column":46}},"type":"binary-expr","locations":[{"start":{"line":53,"column":7},"end":{"line":53,"column":34}},{"start":{"line":53,"column":34},"end":{"line":53,"column":46}}]},"5":{"loc":{"start":{"line":57,"column":4},"end":{"line":62,"column":null}},"type":"if","locations":[{"start":{"line":57,"column":4},"end":{"line":62,"column":null}}]},"6":{"loc":{"start":{"line":57,"column":8},"end":{"line":57,"column":48}},"type":"binary-expr","locations":[{"start":{"line":57,"column":8},"end":{"line":57,"column":35}},{"start":{"line":57,"column":35},"end":{"line":57,"column":48}}]}},"s":{"0":0,"1":0,"2":0,"3":0,"4":0,"5":0,"6":0,"7":0,"8":0,"9":0,"10":0,"11":0,"12":0,"13":0,"14":0,"15":0,"16":0,"17":0,"18":0,"19":0,"20":0},"f":{"0":0,"1":0,"2":0,"3":0,"4":0},"b":{"0":[0,0],"1":[0],"2":[0,0],"3":[0],"4":[0,0],"5":[0],"6":[0,0]}}
}
