TN:
SF:tailwind.config.ts
FNF:0
FNH:0
DA:3,0
DA:20,0
LF:2
LH:0
BRF:0
BRH:0
end_of_record
TN:
SF:.next/types/app/layout.ts
FN:73,checkFields
FNF:1
FNH:0
FNDA:0,checkFields
DA:2,0
DA:8,0
DA:28,0
DA:31,0
DA:32,0
DA:33,0
DA:37,0
DA:38,0
DA:39,0
DA:43,0
DA:44,0
DA:45,0
LF:12
LH:0
BRDA:31,0,0,0
BRDA:37,1,0,0
BRDA:43,2,0,0
BRF:3
BRH:0
end_of_record
TN:
SF:.next/types/app/page.ts
FN:73,checkFields
FNF:1
FNH:0
FNDA:0,checkFields
DA:2,0
DA:8,0
DA:28,0
DA:31,0
DA:32,0
DA:33,0
DA:37,0
DA:38,0
DA:39,0
DA:43,0
DA:44,0
DA:45,0
LF:12
LH:0
BRDA:31,0,0,0
BRDA:37,1,0,0
BRDA:43,2,0,0
BRF:3
BRH:0
end_of_record
TN:
SF:.next/types/app/user/layout.ts
FN:73,checkFields
FNF:1
FNH:0
FNDA:0,checkFields
DA:2,0
DA:8,0
DA:28,0
DA:31,0
DA:32,0
DA:33,0
DA:37,0
DA:38,0
DA:39,0
DA:43,0
DA:44,0
DA:45,0
LF:12
LH:0
BRDA:31,0,0,0
BRDA:37,1,0,0
BRDA:43,2,0,0
BRF:3
BRH:0
end_of_record
TN:
SF:.next/types/app/user/login/page.ts
FN:73,checkFields
FNF:1
FNH:0
FNDA:0,checkFields
DA:2,0
DA:8,0
DA:28,0
DA:31,0
DA:32,0
DA:33,0
DA:37,0
DA:38,0
DA:39,0
DA:43,0
DA:44,0
DA:45,0
LF:12
LH:0
BRDA:31,0,0,0
BRDA:37,1,0,0
BRDA:43,2,0,0
BRF:3
BRH:0
end_of_record
TN:
SF:app/layout.tsx
FN:2,RootLayout
FNF:1
FNH:0
FNDA:0,RootLayout
DA:1,0
DA:2,0
LF:2
LH:0
BRF:0
BRH:0
end_of_record
TN:
SF:app/page.tsx
FN:5,Page
FNF:1
FNH:0
FNDA:0,Page
DA:2,0
DA:3,0
DA:5,0
LF:3
LH:0
BRF:0
BRH:0
end_of_record
TN:
SF:app/constants/string.ts
FNF:0
FNH:0
DA:6,0
DA:9,0
DA:10,0
DA:11,0
DA:12,0
LF:5
LH:0
BRF:0
BRH:0
end_of_record
TN:
SF:app/redux/auth.ts
FN:19,(anonymous_7)
FN:22,(anonymous_8)
FN:25,(anonymous_9)
FN:28,(anonymous_10)
FNF:4
FNH:0
FNDA:0,(anonymous_7)
FNDA:0,(anonymous_8)
FNDA:0,(anonymous_9)
FNDA:0,(anonymous_10)
DA:1,0
DA:9,0
DA:15,0
DA:20,0
DA:23,0
DA:26,0
DA:29,0
DA:30,0
DA:31,0
DA:36,0
DA:37,0
LF:11
LH:0
BRF:0
BRH:0
end_of_record
TN:
SF:app/redux/store.ts
FNF:0
FNH:0
DA:1,0
DA:2,0
DA:3,0
DA:4,0
DA:6,0
DA:11,0
DA:13,0
DA:19,0
DA:23,0
LF:9
LH:0
BRF:0
BRH:0
end_of_record
TN:
SF:app/user/layout.tsx
FN:5,LoginLayout
FNF:1
FNH:0
FNDA:0,LoginLayout
DA:1,0
DA:2,0
DA:3,0
DA:5,0
LF:4
LH:0
BRF:0
BRH:0
end_of_record
TN:
SF:app/user/page.tsx
FN:6,Page
FNF:1
FNH:0
FNDA:0,Page
DA:1,0
DA:2,0
DA:3,0
DA:4,0
DA:6,0
LF:5
LH:0
BRF:0
BRH:0
end_of_record
TN:
SF:app/user/login/page.tsx
FN:11,(anonymous_2)
FN:18,(anonymous_3)
FN:20,(anonymous_4)
FN:43,(anonymous_5)
FN:52,(anonymous_6)
FNF:5
FNH:0
FNDA:0,(anonymous_2)
FNDA:0,(anonymous_3)
FNDA:0,(anonymous_4)
FNDA:0,(anonymous_5)
FNDA:0,(anonymous_6)
DA:2,0
DA:3,0
DA:4,0
DA:5,0
DA:6,0
DA:7,0
DA:8,0
DA:9,0
DA:11,0
DA:12,0
DA:13,0
DA:15,0
DA:16,0
DA:18,0
DA:19,0
DA:21,0
DA:22,0
DA:23,0
DA:24,0
DA:25,0
DA:26,0
DA:29,0
DA:43,0
DA:52,0
DA:70,0
LF:25
LH:0
BRDA:21,0,0,0
BRDA:21,0,1,0
BRDA:59,1,0,0
BRDA:59,1,1,0
BRF:4
BRH:0
end_of_record
TN:
SF:app/user/register/page.tsx
FN:10,(anonymous_4)
FN:18,(anonymous_5)
FN:20,(anonymous_6)
FN:44,(anonymous_7)
FN:53,(anonymous_8)
FN:62,(anonymous_9)
FNF:6
FNH:0
FNDA:0,(anonymous_4)
FNDA:0,(anonymous_5)
FNDA:0,(anonymous_6)
FNDA:0,(anonymous_7)
FNDA:0,(anonymous_8)
FNDA:0,(anonymous_9)
DA:2,0
DA:3,0
DA:4,0
DA:5,0
DA:6,0
DA:7,0
DA:8,0
DA:10,0
DA:11,0
DA:12,0
DA:13,0
DA:14,0
DA:15,0
DA:16,0
DA:18,0
DA:19,0
DA:21,0
DA:22,0
DA:23,0
DA:24,0
DA:25,0
DA:26,0
DA:29,0
DA:44,0
DA:53,0
DA:62,0
DA:76,0
LF:27
LH:0
BRDA:21,0,0,0
BRDA:21,0,1,0
BRDA:69,1,0,0
BRDA:69,1,1,0
BRF:4
BRH:0
end_of_record
TN:
SF:app/utils/network.ts
FN:8,(anonymous_4)
FN:19,(anonymous_5)
FN:29,(anonymous_6)
FN:30,(anonymous_7)
FN:33,(anonymous_8)
FNF:5
FNH:0
FNDA:0,(anonymous_4)
FNDA:0,(anonymous_5)
FNDA:0,(anonymous_6)
FNDA:0,(anonymous_7)
FNDA:0,(anonymous_8)
DA:6,0
DA:8,0
DA:15,0
DA:23,0
DA:25,0
DA:26,0
DA:29,0
DA:30,0
DA:33,0
DA:39,0
DA:40,0
DA:41,0
DA:42,0
DA:45,0
DA:51,0
DA:52,0
DA:53,0
DA:54,0
DA:57,0
DA:58,0
LF:20
LH:0
BRDA:8,0,0,0
BRDA:8,0,1,0
BRDA:40,1,0,0
BRDA:47,2,0,0
BRDA:47,2,1,0
BRDA:53,3,0,0
BRDA:53,4,0,0
BRDA:53,4,1,0
BRDA:57,5,0,0
BRDA:57,6,0,0
BRDA:57,6,1,0
BRF:11
BRH:0
end_of_record
